  Hook.cpp
  Log.cpp
  NtAPI.cpp
C:\Users\tmdahr1245\source\repos\SWHat_DLL\SWHat_DLL\NtAPI.cpp(193,15): warning C4477:  'sprintf' : 서식 문자열 '%x'에 'unsigned int' 형식의 인수가 필요하지만 variadic 인수 1의 형식이 'HANDLE'입니다.
C:\Users\tmdahr1245\source\repos\SWHat_DLL\SWHat_DLL\NtAPI.cpp(216,17): warning C4477:  '_swprintf' : 서식 문자열 '%x'에 'unsigned int' 형식의 인수가 필요하지만 variadic 인수 1의 형식이 'HANDLE'입니다.
C:\Users\tmdahr1245\source\repos\SWHat_DLL\SWHat_DLL\NtAPI.cpp(235,17): warning C4477:  '_swprintf' : 서식 문자열 '%x'에 'unsigned int' 형식의 인수가 필요하지만 variadic 인수 1의 형식이 'HANDLE'입니다.
C:\Users\tmdahr1245\source\repos\SWHat_DLL\SWHat_DLL\NtAPI.cpp(261,17): warning C4477:  '_swprintf' : 서식 문자열 '%x'에 'unsigned int' 형식의 인수가 필요하지만 variadic 인수 1의 형식이 'HANDLE'입니다.
C:\Users\tmdahr1245\source\repos\SWHat_DLL\SWHat_DLL\NtAPI.cpp(283,17): warning C4477:  '_swprintf' : 서식 문자열 '%x'에 'unsigned int' 형식의 인수가 필요하지만 variadic 인수 1의 형식이 'HANDLE'입니다.
C:\Users\tmdahr1245\source\repos\SWHat_DLL\SWHat_DLL\NtAPI.cpp(308,17): warning C4477:  '_swprintf' : 서식 문자열 '%x'에 'unsigned int' 형식의 인수가 필요하지만 variadic 인수 1의 형식이 'HANDLE'입니다.
  Util.cpp
  WinAPI.cpp
C:\Users\tmdahr1245\source\repos\SWHat_DLL\SWHat_DLL\NtAPI.cpp(413,17): warning C4477:  '_swprintf' : 서식 문자열 '%x'에 'unsigned int' 형식의 인수가 필요하지만 variadic 인수 1의 형식이 'HANDLE'입니다.
  dllmain.cpp
C:\Users\tmdahr1245\source\repos\SWHat_DLL\SWHat_DLL\WinAPI.cpp(289,17): warning C4477:  '_swprintf' : 서식 문자열 '%x'에 'unsigned int' 형식의 인수가 필요하지만 variadic 인수 1의 형식이 'HANDLE'입니다.
  코드를 생성하고 있습니다.
  19 of 300 functions ( 6.3%) were compiled, the rest were copied from previous compilation.
    0 functions were new in current compilation
    12 functions had inline decision re-evaluated but remain unchanged
  코드를 생성했습니다.
  SWHat_DLL.vcxproj -> C:\Users\tmdahr1245\source\repos\SWHat_DLL\Release\SWHat_DLL.dll
